[INFO] Scanning for projects...
[WARNING] 
[WARNING] Some problems were encountered while building the effective model for CS342Spring2026:Project2:jar:0.0.1-SNAPSHOT
[WARNING] 'build.plugins.plugin.version' for org.apache.maven.plugins:maven-compiler-plugin is missing. @ line 65, column 17
[WARNING] 
[WARNING] It is highly recommended to fix these problems because they threaten the stability of your build.
[WARNING] 
[WARNING] For this reason, future Maven versions might no longer support building such malformed projects.
[WARNING] 
[INFO] 
[INFO] ----------------------< CS342Spring2026:Project2 >----------------------
[INFO] Building Project2 0.0.1-SNAPSHOT
[INFO]   from pom.xml
[INFO] --------------------------------[ jar ]---------------------------------
[WARNING] 6 problems were encountered while building the effective model for org.openjfx:javafx-controls:jar:19.0.2.1 during dependency collection step for project (use -X to see details)
[INFO] 
[INFO] --- resources:3.3.1:resources (default-resources) @ Project2 ---
[INFO] Copying 3 resources from src\main\resources to target\classes
[INFO] 
[INFO] --- compiler:3.13.0:compile (default-compile) @ Project2 ---
[INFO] Recompiling the module because of changed source code.
[INFO] Compiling 16 source files with javac [debug release 11] to target\classes
[INFO] Some messages have been simplified; recompile with -Xdiags:verbose to get full output
[INFO] -------------------------------------------------------------
[ERROR] COMPILATION ERROR : 
[INFO] -------------------------------------------------------------
[ERROR] /C:/Users/dalkg/Documents/cs342/weather_demo/src/main/java/controller/ForecastController.java:[45,63] incompatible types: javafx.scene.text.Text cannot be converted to org.kordamp.ikonli.javafx.FontIcon
[INFO] 1 error
[INFO] -------------------------------------------------------------
[INFO] ------------------------------------------------------------------------
[INFO] BUILD FAILURE
[INFO] ------------------------------------------------------------------------
[INFO] Total time:  1.446 s
[INFO] Finished at: 2026-03-18T21:14:08-05:00
[INFO] ------------------------------------------------------------------------
[ERROR] Failed to execute goal org.apache.maven.plugins:maven-compiler-plugin:3.13.0:compile (default-compile) on project Project2: Compilation failure
[ERROR] /C:/Users/dalkg/Documents/cs342/weather_demo/src/main/java/controller/ForecastController.java:[45,63] incompatible types: javafx.scene.text.Text cannot be converted to org.kordamp.ikonli.javafx.FontIcon
[ERROR] 
[ERROR] -> [Help 1]
[ERROR] 
[ERROR] To see the full stack trace of the errors, re-run Maven with the -e switch.
[ERROR] Re-run Maven using the -X switch to enable full debug logging.
[ERROR] 
[ERROR] For more information about the errors and possible solutions, please read the following articles:
[ERROR] [Help 1] http://cwiki.apache.org/confluence/display/MAVEN/MojoFailureException
